<testsuites id="" name="" tests="9" failures="8" skipped="0" errors="0" time="16.477058">
<testsuite name="global.setup.ts" timestamp="2025-09-02T13:18:34.881Z" hostname="setup" tests="1" failures="0" skipped="0" time="2.029" errors="0">
<testcase name="authenticate" classname="global.setup.ts" time="2.029">
</testcase>
</testsuite>
<testsuite name="workflows/lodgify-override-export.spec.ts" timestamp="2025-09-02T13:18:34.881Z" hostname="chromium" tests="8" failures="8" skipped="0" time="70.367" errors="0">
<testcase name="Lodgify Export with Price Overrides › should display override statistics after generation" classname="workflows/lodgify-override-export.spec.ts" time="8.816">
<failure message="lodgify-override-export.spec.ts:55:3 should display override statistics after generation" type="FAILURE">
<![CDATA[  [chromium] › workflows/lodgify-override-export.spec.ts:55:3 › Lodgify Export with Price Overrides › should display override statistics after generation 

    Error: expect(locator).toBeVisible() failed

    Locator:  locator('h1:has-text("Lodgify Export")')
    Expected: visible
    Received: <element(s) not found>
    Timeout:  5000ms

    Call log:
      - Expect "toBeVisible" with timeout 5000ms
      - waiting for locator('h1:has-text("Lodgify Export")')


       at page-objects/lodgify-export-page.ts:36

      34 |   async waitForPageLoad() {
      35 |     await this.page.waitForLoadState('networkidle')
    > 36 |     await expect(this.page.locator('h1:has-text("Lodgify Export")')).toBeVisible()
         |                                                                      ^
      37 |   }
      38 |
      39 |   /**
        at LodgifyExportPage.waitForPageLoad (/home/jay/projects/lodgeprice/tests/e2e/page-objects/lodgify-export-page.ts:36:70)
        at /home/jay/projects/lodgeprice/tests/e2e/page-objects/lodgify-export-page.ts:14:14
        at /home/jay/projects/lodgeprice/tests/e2e/workflows/lodgify-override-export.spec.ts:48:5

    attachment #1: screenshot (image/png) ──────────────────────────────────────────────────────────
    ../../test-results/workflows-lodgify-override-d3bb5-statistics-after-generation-chromium/test-failed-1.png
    ────────────────────────────────────────────────────────────────────────────────────────────────

    attachment #2: video (video/webm) ──────────────────────────────────────────────────────────────
    ../../test-results/workflows-lodgify-override-d3bb5-statistics-after-generation-chromium/video.webm
    ────────────────────────────────────────────────────────────────────────────────────────────────

    Error Context: ../../test-results/workflows-lodgify-override-d3bb5-statistics-after-generation-chromium/error-context.md
]]>
</failure>
<system-out>
<![CDATA[Test data setup completed
Test data cleanup completed

[[ATTACHMENT|../test-results/workflows-lodgify-override-d3bb5-statistics-after-generation-chromium/test-failed-1.png]]

[[ATTACHMENT|../test-results/workflows-lodgify-override-d3bb5-statistics-after-generation-chromium/video.webm]]

[[ATTACHMENT|../test-results/workflows-lodgify-override-d3bb5-statistics-after-generation-chromium/error-context.md]]
]]>
</system-out>
<system-err>
<![CDATA[Error inserting property: {
  message: [32m'Invalid API key'[39m,
  hint: [32m'Double check your Supabase `anon` or `service_role` API key.'[39m
}
]]>
</system-err>
</testcase>
<testcase name="Lodgify Export with Price Overrides › should toggle override inclusion on/off" classname="workflows/lodgify-override-export.spec.ts" time="8.953">
<failure message="lodgify-override-export.spec.ts:82:3 should toggle override inclusion on/off" type="FAILURE">
<![CDATA[  [chromium] › workflows/lodgify-override-export.spec.ts:82:3 › Lodgify Export with Price Overrides › should toggle override inclusion on/off 

    Error: expect(locator).toBeVisible() failed

    Locator:  locator('h1:has-text("Lodgify Export")')
    Expected: visible
    Received: <element(s) not found>
    Timeout:  5000ms

    Call log:
      - Expect "toBeVisible" with timeout 5000ms
      - waiting for locator('h1:has-text("Lodgify Export")')


       at page-objects/lodgify-export-page.ts:36

      34 |   async waitForPageLoad() {
      35 |     await this.page.waitForLoadState('networkidle')
    > 36 |     await expect(this.page.locator('h1:has-text("Lodgify Export")')).toBeVisible()
         |                                                                      ^
      37 |   }
      38 |
      39 |   /**
        at LodgifyExportPage.waitForPageLoad (/home/jay/projects/lodgeprice/tests/e2e/page-objects/lodgify-export-page.ts:36:70)
        at /home/jay/projects/lodgeprice/tests/e2e/page-objects/lodgify-export-page.ts:14:14
        at /home/jay/projects/lodgeprice/tests/e2e/workflows/lodgify-override-export.spec.ts:48:5

    attachment #1: screenshot (image/png) ──────────────────────────────────────────────────────────
    ../../test-results/workflows-lodgify-override-a77a5-e-override-inclusion-on-off-chromium/test-failed-1.png
    ────────────────────────────────────────────────────────────────────────────────────────────────

    attachment #2: video (video/webm) ──────────────────────────────────────────────────────────────
    ../../test-results/workflows-lodgify-override-a77a5-e-override-inclusion-on-off-chromium/video.webm
    ────────────────────────────────────────────────────────────────────────────────────────────────

    Error Context: ../../test-results/workflows-lodgify-override-a77a5-e-override-inclusion-on-off-chromium/error-context.md
]]>
</failure>
<system-out>
<![CDATA[Test data setup completed
Test data cleanup completed

[[ATTACHMENT|../test-results/workflows-lodgify-override-a77a5-e-override-inclusion-on-off-chromium/test-failed-1.png]]

[[ATTACHMENT|../test-results/workflows-lodgify-override-a77a5-e-override-inclusion-on-off-chromium/video.webm]]

[[ATTACHMENT|../test-results/workflows-lodgify-override-a77a5-e-override-inclusion-on-off-chromium/error-context.md]]
]]>
</system-out>
<system-err>
<![CDATA[Error inserting property: {
  message: [32m'Invalid API key'[39m,
  hint: [32m'Double check your Supabase `anon` or `service_role` API key.'[39m
}
]]>
</system-err>
</testcase>
<testcase name="Lodgify Export with Price Overrides › should show validation warnings for missing overrides" classname="workflows/lodgify-override-export.spec.ts" time="8.706">
<failure message="lodgify-override-export.spec.ts:106:3 should show validation warnings for missing overrides" type="FAILURE">
<![CDATA[  [chromium] › workflows/lodgify-override-export.spec.ts:106:3 › Lodgify Export with Price Overrides › should show validation warnings for missing overrides 

    Error: expect(locator).toBeVisible() failed

    Locator:  locator('h1:has-text("Lodgify Export")')
    Expected: visible
    Received: <element(s) not found>
    Timeout:  5000ms

    Call log:
      - Expect "toBeVisible" with timeout 5000ms
      - waiting for locator('h1:has-text("Lodgify Export")')


       at page-objects/lodgify-export-page.ts:36

      34 |   async waitForPageLoad() {
      35 |     await this.page.waitForLoadState('networkidle')
    > 36 |     await expect(this.page.locator('h1:has-text("Lodgify Export")')).toBeVisible()
         |                                                                      ^
      37 |   }
      38 |
      39 |   /**
        at LodgifyExportPage.waitForPageLoad (/home/jay/projects/lodgeprice/tests/e2e/page-objects/lodgify-export-page.ts:36:70)
        at /home/jay/projects/lodgeprice/tests/e2e/page-objects/lodgify-export-page.ts:14:14
        at /home/jay/projects/lodgeprice/tests/e2e/workflows/lodgify-override-export.spec.ts:48:5

    attachment #1: screenshot (image/png) ──────────────────────────────────────────────────────────
    ../../test-results/workflows-lodgify-override-a5aab-nings-for-missing-overrides-chromium/test-failed-1.png
    ────────────────────────────────────────────────────────────────────────────────────────────────

    attachment #2: video (video/webm) ──────────────────────────────────────────────────────────────
    ../../test-results/workflows-lodgify-override-a5aab-nings-for-missing-overrides-chromium/video.webm
    ────────────────────────────────────────────────────────────────────────────────────────────────

    Error Context: ../../test-results/workflows-lodgify-override-a5aab-nings-for-missing-overrides-chromium/error-context.md
]]>
</failure>
<system-out>
<![CDATA[Test data setup completed
Test data cleanup completed

[[ATTACHMENT|../test-results/workflows-lodgify-override-a5aab-nings-for-missing-overrides-chromium/test-failed-1.png]]

[[ATTACHMENT|../test-results/workflows-lodgify-override-a5aab-nings-for-missing-overrides-chromium/video.webm]]

[[ATTACHMENT|../test-results/workflows-lodgify-override-a5aab-nings-for-missing-overrides-chromium/error-context.md]]
]]>
</system-out>
<system-err>
<![CDATA[Error inserting property: {
  message: [32m'Invalid API key'[39m,
  hint: [32m'Double check your Supabase `anon` or `service_role` API key.'[39m
}
]]>
</system-err>
</testcase>
<testcase name="Lodgify Export with Price Overrides › should export comparison data when requested" classname="workflows/lodgify-override-export.spec.ts" time="8.896">
<failure message="lodgify-override-export.spec.ts:146:3 should export comparison data when requested" type="FAILURE">
<![CDATA[  [chromium] › workflows/lodgify-override-export.spec.ts:146:3 › Lodgify Export with Price Overrides › should export comparison data when requested 

    Error: expect(locator).toBeVisible() failed

    Locator:  locator('h1:has-text("Lodgify Export")')
    Expected: visible
    Received: <element(s) not found>
    Timeout:  5000ms

    Call log:
      - Expect "toBeVisible" with timeout 5000ms
      - waiting for locator('h1:has-text("Lodgify Export")')


       at page-objects/lodgify-export-page.ts:36

      34 |   async waitForPageLoad() {
      35 |     await this.page.waitForLoadState('networkidle')
    > 36 |     await expect(this.page.locator('h1:has-text("Lodgify Export")')).toBeVisible()
         |                                                                      ^
      37 |   }
      38 |
      39 |   /**
        at LodgifyExportPage.waitForPageLoad (/home/jay/projects/lodgeprice/tests/e2e/page-objects/lodgify-export-page.ts:36:70)
        at /home/jay/projects/lodgeprice/tests/e2e/page-objects/lodgify-export-page.ts:14:14
        at /home/jay/projects/lodgeprice/tests/e2e/workflows/lodgify-override-export.spec.ts:48:5

    attachment #1: screenshot (image/png) ──────────────────────────────────────────────────────────
    ../../test-results/workflows-lodgify-override-a6e2a-parison-data-when-requested-chromium/test-failed-1.png
    ────────────────────────────────────────────────────────────────────────────────────────────────

    attachment #2: video (video/webm) ──────────────────────────────────────────────────────────────
    ../../test-results/workflows-lodgify-override-a6e2a-parison-data-when-requested-chromium/video.webm
    ────────────────────────────────────────────────────────────────────────────────────────────────

    Error Context: ../../test-results/workflows-lodgify-override-a6e2a-parison-data-when-requested-chromium/error-context.md
]]>
</failure>
<system-out>
<![CDATA[Test data setup completed
Test data cleanup completed

[[ATTACHMENT|../test-results/workflows-lodgify-override-a6e2a-parison-data-when-requested-chromium/test-failed-1.png]]

[[ATTACHMENT|../test-results/workflows-lodgify-override-a6e2a-parison-data-when-requested-chromium/video.webm]]

[[ATTACHMENT|../test-results/workflows-lodgify-override-a6e2a-parison-data-when-requested-chromium/error-context.md]]
]]>
</system-out>
<system-err>
<![CDATA[Error inserting property: {
  message: [32m'Invalid API key'[39m,
  hint: [32m'Double check your Supabase `anon` or `service_role` API key.'[39m
}
]]>
</system-err>
</testcase>
<testcase name="Lodgify Export with Price Overrides › should handle large number of overrides efficiently" classname="workflows/lodgify-override-export.spec.ts" time="8.845">
<failure message="lodgify-override-export.spec.ts:171:3 should handle large number of overrides efficiently" type="FAILURE">
<![CDATA[  [chromium] › workflows/lodgify-override-export.spec.ts:171:3 › Lodgify Export with Price Overrides › should handle large number of overrides efficiently 

    Error: expect(locator).toBeVisible() failed

    Locator:  locator('h1:has-text("Lodgify Export")')
    Expected: visible
    Received: <element(s) not found>
    Timeout:  5000ms

    Call log:
      - Expect "toBeVisible" with timeout 5000ms
      - waiting for locator('h1:has-text("Lodgify Export")')


       at page-objects/lodgify-export-page.ts:36

      34 |   async waitForPageLoad() {
      35 |     await this.page.waitForLoadState('networkidle')
    > 36 |     await expect(this.page.locator('h1:has-text("Lodgify Export")')).toBeVisible()
         |                                                                      ^
      37 |   }
      38 |
      39 |   /**
        at LodgifyExportPage.waitForPageLoad (/home/jay/projects/lodgeprice/tests/e2e/page-objects/lodgify-export-page.ts:36:70)
        at /home/jay/projects/lodgeprice/tests/e2e/page-objects/lodgify-export-page.ts:14:14
        at /home/jay/projects/lodgeprice/tests/e2e/workflows/lodgify-override-export.spec.ts:48:5

    attachment #1: screenshot (image/png) ──────────────────────────────────────────────────────────
    ../../test-results/workflows-lodgify-override-cc455-er-of-overrides-efficiently-chromium/test-failed-1.png
    ────────────────────────────────────────────────────────────────────────────────────────────────

    attachment #2: video (video/webm) ──────────────────────────────────────────────────────────────
    ../../test-results/workflows-lodgify-override-cc455-er-of-overrides-efficiently-chromium/video.webm
    ────────────────────────────────────────────────────────────────────────────────────────────────

    Error Context: ../../test-results/workflows-lodgify-override-cc455-er-of-overrides-efficiently-chromium/error-context.md
]]>
</failure>
<system-out>
<![CDATA[Test data setup completed
Test data cleanup completed

[[ATTACHMENT|../test-results/workflows-lodgify-override-cc455-er-of-overrides-efficiently-chromium/test-failed-1.png]]

[[ATTACHMENT|../test-results/workflows-lodgify-override-cc455-er-of-overrides-efficiently-chromium/video.webm]]

[[ATTACHMENT|../test-results/workflows-lodgify-override-cc455-er-of-overrides-efficiently-chromium/error-context.md]]
]]>
</system-out>
<system-err>
<![CDATA[Error inserting property: {
  message: [32m'Invalid API key'[39m,
  hint: [32m'Double check your Supabase `anon` or `service_role` API key.'[39m
}
]]>
</system-err>
</testcase>
<testcase name="Lodgify Export with Price Overrides › should display override information in preview" classname="workflows/lodgify-override-export.spec.ts" time="8.678">
<failure message="lodgify-override-export.spec.ts:206:3 should display override information in preview" type="FAILURE">
<![CDATA[  [chromium] › workflows/lodgify-override-export.spec.ts:206:3 › Lodgify Export with Price Overrides › should display override information in preview 

    Error: expect(locator).toBeVisible() failed

    Locator:  locator('h1:has-text("Lodgify Export")')
    Expected: visible
    Received: <element(s) not found>
    Timeout:  5000ms

    Call log:
      - Expect "toBeVisible" with timeout 5000ms
      - waiting for locator('h1:has-text("Lodgify Export")')


       at page-objects/lodgify-export-page.ts:36

      34 |   async waitForPageLoad() {
      35 |     await this.page.waitForLoadState('networkidle')
    > 36 |     await expect(this.page.locator('h1:has-text("Lodgify Export")')).toBeVisible()
         |                                                                      ^
      37 |   }
      38 |
      39 |   /**
        at LodgifyExportPage.waitForPageLoad (/home/jay/projects/lodgeprice/tests/e2e/page-objects/lodgify-export-page.ts:36:70)
        at /home/jay/projects/lodgeprice/tests/e2e/page-objects/lodgify-export-page.ts:14:14
        at /home/jay/projects/lodgeprice/tests/e2e/workflows/lodgify-override-export.spec.ts:48:5

    attachment #1: screenshot (image/png) ──────────────────────────────────────────────────────────
    ../../test-results/workflows-lodgify-override-6a2ce-ride-information-in-preview-chromium/test-failed-1.png
    ────────────────────────────────────────────────────────────────────────────────────────────────

    attachment #2: video (video/webm) ──────────────────────────────────────────────────────────────
    ../../test-results/workflows-lodgify-override-6a2ce-ride-information-in-preview-chromium/video.webm
    ────────────────────────────────────────────────────────────────────────────────────────────────

    Error Context: ../../test-results/workflows-lodgify-override-6a2ce-ride-information-in-preview-chromium/error-context.md
]]>
</failure>
<system-out>
<![CDATA[Test data setup completed
Test data cleanup completed

[[ATTACHMENT|../test-results/workflows-lodgify-override-6a2ce-ride-information-in-preview-chromium/test-failed-1.png]]

[[ATTACHMENT|../test-results/workflows-lodgify-override-6a2ce-ride-information-in-preview-chromium/video.webm]]

[[ATTACHMENT|../test-results/workflows-lodgify-override-6a2ce-ride-information-in-preview-chromium/error-context.md]]
]]>
</system-out>
<system-err>
<![CDATA[Error inserting property: {
  message: [32m'Invalid API key'[39m,
  hint: [32m'Double check your Supabase `anon` or `service_role` API key.'[39m
}
]]>
</system-err>
</testcase>
<testcase name="Lodgify Export with Price Overrides › should show comparison between with and without overrides" classname="workflows/lodgify-override-export.spec.ts" time="8.91">
<failure message="lodgify-override-export.spec.ts:232:3 should show comparison between with and without overrides" type="FAILURE">
<![CDATA[  [chromium] › workflows/lodgify-override-export.spec.ts:232:3 › Lodgify Export with Price Overrides › should show comparison between with and without overrides 

    Error: expect(locator).toBeVisible() failed

    Locator:  locator('h1:has-text("Lodgify Export")')
    Expected: visible
    Received: <element(s) not found>
    Timeout:  5000ms

    Call log:
      - Expect "toBeVisible" with timeout 5000ms
      - waiting for locator('h1:has-text("Lodgify Export")')


       at page-objects/lodgify-export-page.ts:36

      34 |   async waitForPageLoad() {
      35 |     await this.page.waitForLoadState('networkidle')
    > 36 |     await expect(this.page.locator('h1:has-text("Lodgify Export")')).toBeVisible()
         |                                                                      ^
      37 |   }
      38 |
      39 |   /**
        at LodgifyExportPage.waitForPageLoad (/home/jay/projects/lodgeprice/tests/e2e/page-objects/lodgify-export-page.ts:36:70)
        at /home/jay/projects/lodgeprice/tests/e2e/page-objects/lodgify-export-page.ts:14:14
        at /home/jay/projects/lodgeprice/tests/e2e/workflows/lodgify-override-export.spec.ts:48:5

    attachment #1: screenshot (image/png) ──────────────────────────────────────────────────────────
    ../../test-results/workflows-lodgify-override-ffb6f--with-and-without-overrides-chromium/test-failed-1.png
    ────────────────────────────────────────────────────────────────────────────────────────────────

    attachment #2: video (video/webm) ──────────────────────────────────────────────────────────────
    ../../test-results/workflows-lodgify-override-ffb6f--with-and-without-overrides-chromium/video.webm
    ────────────────────────────────────────────────────────────────────────────────────────────────

    Error Context: ../../test-results/workflows-lodgify-override-ffb6f--with-and-without-overrides-chromium/error-context.md
]]>
</failure>
<system-out>
<![CDATA[Test data setup completed
Test data cleanup completed

[[ATTACHMENT|../test-results/workflows-lodgify-override-ffb6f--with-and-without-overrides-chromium/test-failed-1.png]]

[[ATTACHMENT|../test-results/workflows-lodgify-override-ffb6f--with-and-without-overrides-chromium/video.webm]]

[[ATTACHMENT|../test-results/workflows-lodgify-override-ffb6f--with-and-without-overrides-chromium/error-context.md]]
]]>
</system-out>
<system-err>
<![CDATA[Error inserting property: {
  message: [32m'Invalid API key'[39m,
  hint: [32m'Double check your Supabase `anon` or `service_role` API key.'[39m
}
]]>
</system-err>
</testcase>
<testcase name="Lodgify Export with Price Overrides › should handle override errors gracefully" classname="workflows/lodgify-override-export.spec.ts" time="8.563">
<failure message="lodgify-override-export.spec.ts:257:3 should handle override errors gracefully" type="FAILURE">
<![CDATA[  [chromium] › workflows/lodgify-override-export.spec.ts:257:3 › Lodgify Export with Price Overrides › should handle override errors gracefully 

    Error: expect(locator).toBeVisible() failed

    Locator:  locator('h1:has-text("Lodgify Export")')
    Expected: visible
    Received: <element(s) not found>
    Timeout:  5000ms

    Call log:
      - Expect "toBeVisible" with timeout 5000ms
      - waiting for locator('h1:has-text("Lodgify Export")')


       at page-objects/lodgify-export-page.ts:36

      34 |   async waitForPageLoad() {
      35 |     await this.page.waitForLoadState('networkidle')
    > 36 |     await expect(this.page.locator('h1:has-text("Lodgify Export")')).toBeVisible()
         |                                                                      ^
      37 |   }
      38 |
      39 |   /**
        at LodgifyExportPage.waitForPageLoad (/home/jay/projects/lodgeprice/tests/e2e/page-objects/lodgify-export-page.ts:36:70)
        at /home/jay/projects/lodgeprice/tests/e2e/page-objects/lodgify-export-page.ts:14:14
        at /home/jay/projects/lodgeprice/tests/e2e/workflows/lodgify-override-export.spec.ts:48:5

    attachment #1: screenshot (image/png) ──────────────────────────────────────────────────────────
    ../../test-results/workflows-lodgify-override-4c63a--override-errors-gracefully-chromium/test-failed-1.png
    ────────────────────────────────────────────────────────────────────────────────────────────────

    attachment #2: video (video/webm) ──────────────────────────────────────────────────────────────
    ../../test-results/workflows-lodgify-override-4c63a--override-errors-gracefully-chromium/video.webm
    ────────────────────────────────────────────────────────────────────────────────────────────────

    Error Context: ../../test-results/workflows-lodgify-override-4c63a--override-errors-gracefully-chromium/error-context.md
]]>
</failure>
<system-out>
<![CDATA[Test data setup completed
Test data cleanup completed

[[ATTACHMENT|../test-results/workflows-lodgify-override-4c63a--override-errors-gracefully-chromium/test-failed-1.png]]

[[ATTACHMENT|../test-results/workflows-lodgify-override-4c63a--override-errors-gracefully-chromium/video.webm]]

[[ATTACHMENT|../test-results/workflows-lodgify-override-4c63a--override-errors-gracefully-chromium/error-context.md]]
]]>
</system-out>
<system-err>
<![CDATA[Error inserting property: {
  message: [32m'Invalid API key'[39m,
  hint: [32m'Double check your Supabase `anon` or `service_role` API key.'[39m
}
]]>
</system-err>
</testcase>
</testsuite>
</testsuites>